{"C:\\Users\\PABLO\\Desktop\\Kupay\\Backend\\app.ts": {"path":"C:\\Users\\PABLO\\Desktop\\Kupay\\Backend\\app.ts","statementMap":{"0":{"start":{"line":2,"column":0},"end":{"line":2,"column":28}},"1":{"start":{"line":3,"column":0},"end":{"line":3,"column":37}},"2":{"start":{"line":6,"column":0},"end":{"line":6,"column":16}},"3":{"start":{"line":9,"column":15},"end":{"line":9,"column":27}},"4":{"start":{"line":12,"column":13},"end":{"line":12,"column":30}},"5":{"start":{"line":14,"column":0},"end":{"line":14,"column":16}}},"fnMap":{},"branchMap":{},"s":{"0":3,"1":3,"2":3,"3":3,"4":3,"5":3},"f":{},"b":{}}
,"C:\\Users\\PABLO\\Desktop\\Kupay\\Backend\\controllers\\customers.ts": {"path":"C:\\Users\\PABLO\\Desktop\\Kupay\\Backend\\controllers\\customers.ts","statementMap":{"0":{"start":{"line":2,"column":0},"end":{"line":2,"column":46}},"1":{"start":{"line":3,"column":0},"end":{"line":3,"column":42}},"2":{"start":{"line":4,"column":0},"end":{"line":4,"column":30}},"3":{"start":{"line":7,"column":28},"end":{"line":30,"column":null}},"4":{"start":{"line":7,"column":66},"end":{"line":30,"column":null}},"5":{"start":{"line":9,"column":4},"end":{"line":26,"column":null}},"6":{"start":{"line":11,"column":26},"end":{"line":11,"column":50}},"7":{"start":{"line":13,"column":8},"end":{"line":17,"column":11}},"8":{"start":{"line":20,"column":8},"end":{"line":20,"column":27}},"9":{"start":{"line":21,"column":8},"end":{"line":24,"column":null}},"10":{"start":{"line":7,"column":13},"end":{"line":7,"column":28}},"11":{"start":{"line":33,"column":27},"end":{"line":67,"column":null}},"12":{"start":{"line":33,"column":65},"end":{"line":67,"column":null}},"13":{"start":{"line":36,"column":19},"end":{"line":36,"column":29}},"14":{"start":{"line":38,"column":4},"end":{"line":64,"column":null}},"15":{"start":{"line":41,"column":25},"end":{"line":41,"column":52}},"16":{"start":{"line":44,"column":8},"end":{"line":49,"column":null}},"17":{"start":{"line":45,"column":12},"end":{"line":48,"column":null}},"18":{"start":{"line":52,"column":8},"end":{"line":55,"column":null}},"19":{"start":{"line":58,"column":8},"end":{"line":58,"column":27}},"20":{"start":{"line":59,"column":8},"end":{"line":62,"column":null}},"21":{"start":{"line":33,"column":13},"end":{"line":33,"column":27}},"22":{"start":{"line":70,"column":28},"end":{"line":112,"column":null}},"23":{"start":{"line":70,"column":66},"end":{"line":112,"column":null}},"24":{"start":{"line":72,"column":21},"end":{"line":72,"column":24}},"25":{"start":{"line":74,"column":4},"end":{"line":107,"column":null}},"26":{"start":{"line":77,"column":28},"end":{"line":77,"column":48}},"27":{"start":{"line":80,"column":21},"end":{"line":80,"column":41}},"28":{"start":{"line":81,"column":25},"end":{"line":81,"column":38}},"29":{"start":{"line":82,"column":32},"end":{"line":82,"column":63}},"30":{"start":{"line":83,"column":8},"end":{"line":83,"column":62}},"31":{"start":{"line":86,"column":21},"end":{"line":86,"column":30}},"32":{"start":{"line":87,"column":28},"end":{"line":87,"column":43}},"33":{"start":{"line":88,"column":8},"end":{"line":88,"column":54}},"34":{"start":{"line":91,"column":8},"end":{"line":91,"column":33}},"35":{"start":{"line":94,"column":8},"end":{"line":99,"column":11}},"36":{"start":{"line":102,"column":8},"end":{"line":102,"column":27}},"37":{"start":{"line":103,"column":8},"end":{"line":106,"column":null}},"38":{"start":{"line":70,"column":13},"end":{"line":70,"column":28}},"39":{"start":{"line":114,"column":28},"end":{"line":134,"column":null}},"40":{"start":{"line":114,"column":75},"end":{"line":134,"column":null}},"41":{"start":{"line":116,"column":8},"end":{"line":131,"column":null}},"42":{"start":{"line":117,"column":29},"end":{"line":117,"column":64}},"43":{"start":{"line":119,"column":30},"end":{"line":119,"column":62}},"44":{"start":{"line":120,"column":34},"end":{"line":120,"column":54}},"45":{"start":{"line":122,"column":12},"end":{"line":122,"column":60}},"46":{"start":{"line":124,"column":12},"end":{"line":124,"column":35}},"47":{"start":{"line":126,"column":12},"end":{"line":126,"column":28}},"48":{"start":{"line":129,"column":12},"end":{"line":129,"column":null}},"49":{"start":{"line":114,"column":13},"end":{"line":114,"column":28}}},"fnMap":{"0":{"name":"(anonymous_8)","decl":{"start":{"line":7,"column":28},"end":{"line":7,"column":35}},"loc":{"start":{"line":7,"column":66},"end":{"line":30,"column":null}}},"1":{"name":"(anonymous_9)","decl":{"start":{"line":7,"column":66},"end":{"line":7,"column":null}},"loc":{"start":{"line":7,"column":66},"end":{"line":30,"column":1}}},"2":{"name":"(anonymous_10)","decl":{"start":{"line":33,"column":27},"end":{"line":33,"column":34}},"loc":{"start":{"line":33,"column":65},"end":{"line":67,"column":null}}},"3":{"name":"(anonymous_11)","decl":{"start":{"line":33,"column":65},"end":{"line":33,"column":null}},"loc":{"start":{"line":33,"column":65},"end":{"line":67,"column":1}}},"4":{"name":"(anonymous_12)","decl":{"start":{"line":70,"column":28},"end":{"line":70,"column":35}},"loc":{"start":{"line":70,"column":66},"end":{"line":112,"column":null}}},"5":{"name":"(anonymous_13)","decl":{"start":{"line":70,"column":66},"end":{"line":70,"column":null}},"loc":{"start":{"line":70,"column":66},"end":{"line":112,"column":1}}},"6":{"name":"(anonymous_14)","decl":{"start":{"line":114,"column":28},"end":{"line":114,"column":35}},"loc":{"start":{"line":114,"column":75},"end":{"line":134,"column":null}}},"7":{"name":"(anonymous_15)","decl":{"start":{"line":114,"column":75},"end":{"line":114,"column":null}},"loc":{"start":{"line":114,"column":75},"end":{"line":134,"column":1}}}},"branchMap":{"0":{"loc":{"start":{"line":44,"column":8},"end":{"line":49,"column":null}},"type":"if","locations":[{"start":{"line":44,"column":8},"end":{"line":49,"column":null}}]},"1":{"loc":{"start":{"line":119,"column":30},"end":{"line":119,"column":62}},"type":"cond-expr","locations":[{"start":{"line":119,"column":38},"end":{"line":119,"column":40}},{"start":{"line":119,"column":30},"end":{"line":119,"column":62}}]},"2":{"loc":{"start":{"line":119,"column":30},"end":{"line":119,"column":40}},"type":"binary-expr","locations":[{"start":{"line":119,"column":30},"end":{"line":119,"column":40}},{"start":{"line":119,"column":30},"end":{"line":119,"column":40}}]},"3":{"loc":{"start":{"line":122,"column":12},"end":{"line":122,"column":59}},"type":"cond-expr","locations":[{"start":{"line":122,"column":20},"end":{"line":122,"column":22}},{"start":{"line":122,"column":12},"end":{"line":122,"column":59}}]},"4":{"loc":{"start":{"line":122,"column":12},"end":{"line":122,"column":22}},"type":"binary-expr","locations":[{"start":{"line":122,"column":12},"end":{"line":122,"column":22}},{"start":{"line":122,"column":12},"end":{"line":122,"column":22}}]},"5":{"loc":{"start":{"line":124,"column":18},"end":{"line":124,"column":34}},"type":"cond-expr","locations":[{"start":{"line":124,"column":26},"end":{"line":124,"column":28}},{"start":{"line":124,"column":18},"end":{"line":124,"column":34}}]},"6":{"loc":{"start":{"line":124,"column":18},"end":{"line":124,"column":28}},"type":"binary-expr","locations":[{"start":{"line":124,"column":18},"end":{"line":124,"column":28}},{"start":{"line":124,"column":18},"end":{"line":124,"column":28}}]}},"s":{"0":3,"1":3,"2":3,"3":3,"4":1,"5":1,"6":1,"7":1,"8":0,"9":0,"10":3,"11":3,"12":3,"13":3,"14":3,"15":3,"16":3,"17":2,"18":1,"19":0,"20":0,"21":3,"22":3,"23":1,"24":1,"25":1,"26":1,"27":1,"28":1,"29":1,"30":1,"31":1,"32":1,"33":1,"34":1,"35":1,"36":0,"37":0,"38":3,"39":3,"40":0,"41":0,"42":0,"43":0,"44":0,"45":0,"46":0,"47":0,"48":0,"49":3},"f":{"0":1,"1":1,"2":3,"3":3,"4":1,"5":1,"6":0,"7":0},"b":{"0":[2],"1":[0,0],"2":[0,0],"3":[0,0],"4":[0,0],"5":[0,0],"6":[0,0]}}
,"C:\\Users\\PABLO\\Desktop\\Kupay\\Backend\\controllers\\products.ts": {"path":"C:\\Users\\PABLO\\Desktop\\Kupay\\Backend\\controllers\\products.ts","statementMap":{"0":{"start":{"line":2,"column":0},"end":{"line":2,"column":40}},"1":{"start":{"line":5,"column":27},"end":{"line":26,"column":null}},"2":{"start":{"line":5,"column":65},"end":{"line":26,"column":null}},"3":{"start":{"line":7,"column":4},"end":{"line":22,"column":null}},"4":{"start":{"line":8,"column":25},"end":{"line":8,"column":48}},"5":{"start":{"line":10,"column":8},"end":{"line":13,"column":11}},"6":{"start":{"line":16,"column":8},"end":{"line":16,"column":27}},"7":{"start":{"line":17,"column":8},"end":{"line":20,"column":11}},"8":{"start":{"line":5,"column":13},"end":{"line":5,"column":27}}},"fnMap":{"0":{"name":"(anonymous_8)","decl":{"start":{"line":5,"column":27},"end":{"line":5,"column":34}},"loc":{"start":{"line":5,"column":65},"end":{"line":26,"column":null}}},"1":{"name":"(anonymous_9)","decl":{"start":{"line":5,"column":65},"end":{"line":5,"column":null}},"loc":{"start":{"line":5,"column":65},"end":{"line":26,"column":1}}}},"branchMap":{},"s":{"0":3,"1":3,"2":1,"3":1,"4":1,"5":1,"6":0,"7":0,"8":3},"f":{"0":1,"1":1},"b":{}}
,"C:\\Users\\PABLO\\Desktop\\Kupay\\Backend\\controllers\\purchases.ts": {"path":"C:\\Users\\PABLO\\Desktop\\Kupay\\Backend\\controllers\\purchases.ts","statementMap":{"0":{"start":{"line":3,"column":0},"end":{"line":3,"column":40}},"1":{"start":{"line":4,"column":0},"end":{"line":4,"column":42}},"2":{"start":{"line":5,"column":0},"end":{"line":5,"column":43}},"3":{"start":{"line":8,"column":28},"end":{"line":29,"column":null}},"4":{"start":{"line":8,"column":66},"end":{"line":29,"column":null}},"5":{"start":{"line":10,"column":4},"end":{"line":25,"column":null}},"6":{"start":{"line":11,"column":26},"end":{"line":11,"column":50}},"7":{"start":{"line":13,"column":8},"end":{"line":16,"column":11}},"8":{"start":{"line":19,"column":8},"end":{"line":19,"column":27}},"9":{"start":{"line":20,"column":8},"end":{"line":23,"column":11}},"10":{"start":{"line":8,"column":13},"end":{"line":8,"column":28}},"11":{"start":{"line":32,"column":40},"end":{"line":69,"column":null}},"12":{"start":{"line":32,"column":78},"end":{"line":69,"column":null}},"13":{"start":{"line":34,"column":4},"end":{"line":65,"column":null}},"14":{"start":{"line":37,"column":23},"end":{"line":37,"column":33}},"15":{"start":{"line":40,"column":26},"end":{"line":50,"column":10}},"16":{"start":{"line":52,"column":8},"end":{"line":56,"column":11}},"17":{"start":{"line":59,"column":8},"end":{"line":59,"column":27}},"18":{"start":{"line":60,"column":8},"end":{"line":63,"column":11}},"19":{"start":{"line":32,"column":13},"end":{"line":32,"column":40}},"20":{"start":{"line":71,"column":28},"end":{"line":127,"column":null}},"21":{"start":{"line":71,"column":66},"end":{"line":127,"column":null}},"22":{"start":{"line":75,"column":4},"end":{"line":123,"column":null}},"23":{"start":{"line":77,"column":52},"end":{"line":77,"column":60}},"24":{"start":{"line":79,"column":24},"end":{"line":79,"column":57}},"25":{"start":{"line":81,"column":8},"end":{"line":86,"column":null}},"26":{"start":{"line":82,"column":12},"end":{"line":85,"column":null}},"27":{"start":{"line":89,"column":26},"end":{"line":89,"column":56}},"28":{"start":{"line":90,"column":22},"end":{"line":90,"column":40}},"29":{"start":{"line":91,"column":25},"end":{"line":91,"column":36}},"30":{"start":{"line":94,"column":25},"end":{"line":94,"column":65}},"31":{"start":{"line":97,"column":25},"end":{"line":103,"column":10}},"32":{"start":{"line":106,"column":8},"end":{"line":106,"column":30}},"33":{"start":{"line":108,"column":8},"end":{"line":114,"column":11}},"34":{"start":{"line":117,"column":8},"end":{"line":117,"column":27}},"35":{"start":{"line":118,"column":8},"end":{"line":121,"column":11}},"36":{"start":{"line":71,"column":13},"end":{"line":71,"column":28}}},"fnMap":{"0":{"name":"(anonymous_8)","decl":{"start":{"line":8,"column":28},"end":{"line":8,"column":35}},"loc":{"start":{"line":8,"column":66},"end":{"line":29,"column":null}}},"1":{"name":"(anonymous_9)","decl":{"start":{"line":8,"column":66},"end":{"line":8,"column":null}},"loc":{"start":{"line":8,"column":66},"end":{"line":29,"column":1}}},"2":{"name":"(anonymous_10)","decl":{"start":{"line":32,"column":40},"end":{"line":32,"column":47}},"loc":{"start":{"line":32,"column":78},"end":{"line":69,"column":null}}},"3":{"name":"(anonymous_11)","decl":{"start":{"line":32,"column":78},"end":{"line":32,"column":null}},"loc":{"start":{"line":32,"column":78},"end":{"line":69,"column":1}}},"4":{"name":"(anonymous_12)","decl":{"start":{"line":71,"column":28},"end":{"line":71,"column":35}},"loc":{"start":{"line":71,"column":66},"end":{"line":127,"column":null}}},"5":{"name":"(anonymous_13)","decl":{"start":{"line":71,"column":66},"end":{"line":71,"column":null}},"loc":{"start":{"line":71,"column":66},"end":{"line":127,"column":1}}}},"branchMap":{"0":{"loc":{"start":{"line":81,"column":8},"end":{"line":86,"column":null}},"type":"if","locations":[{"start":{"line":81,"column":8},"end":{"line":86,"column":null}}]},"1":{"loc":{"start":{"line":89,"column":26},"end":{"line":89,"column":56}},"type":"cond-expr","locations":[{"start":{"line":89,"column":33},"end":{"line":89,"column":35}},{"start":{"line":89,"column":26},"end":{"line":89,"column":56}}]},"2":{"loc":{"start":{"line":89,"column":26},"end":{"line":89,"column":35}},"type":"binary-expr","locations":[{"start":{"line":89,"column":26},"end":{"line":89,"column":35}},{"start":{"line":89,"column":26},"end":{"line":89,"column":35}}]},"3":{"loc":{"start":{"line":113,"column":20},"end":{"line":113,"column":52}},"type":"cond-expr","locations":[{"start":{"line":113,"column":28},"end":{"line":113,"column":30}},{"start":{"line":113,"column":20},"end":{"line":113,"column":52}}]},"4":{"loc":{"start":{"line":113,"column":20},"end":{"line":113,"column":30}},"type":"binary-expr","locations":[{"start":{"line":113,"column":20},"end":{"line":113,"column":30}},{"start":{"line":113,"column":20},"end":{"line":113,"column":30}}]}},"s":{"0":3,"1":3,"2":3,"3":3,"4":1,"5":1,"6":1,"7":1,"8":0,"9":0,"10":3,"11":3,"12":1,"13":1,"14":1,"15":1,"16":1,"17":0,"18":0,"19":3,"20":3,"21":2,"22":2,"23":2,"24":2,"25":2,"26":2,"27":0,"28":0,"29":0,"30":0,"31":0,"32":0,"33":0,"34":0,"35":0,"36":3},"f":{"0":1,"1":1,"2":1,"3":1,"4":2,"5":2},"b":{"0":[2],"1":[0,0],"2":[0,0],"3":[0,0],"4":[0,0]}}
,"C:\\Users\\PABLO\\Desktop\\Kupay\\Backend\\db\\db.ts": {"path":"C:\\Users\\PABLO\\Desktop\\Kupay\\Backend\\db\\db.ts","statementMap":{"0":{"start":{"line":2,"column":0},"end":{"line":2,"column":38}},"1":{"start":{"line":6,"column":11},"end":{"line":9,"column":2}},"2":{"start":{"line":17,"column":0},"end":{"line":17,"column":18}}},"fnMap":{},"branchMap":{},"s":{"0":3,"1":3,"2":3},"f":{},"b":{}}
,"C:\\Users\\PABLO\\Desktop\\Kupay\\Backend\\helpers\\crypto.ts": {"path":"C:\\Users\\PABLO\\Desktop\\Kupay\\Backend\\helpers\\crypto.ts","statementMap":{"0":{"start":{"line":1,"column":0},"end":{"line":1,"column":28}},"1":{"start":{"line":5,"column":30},"end":{"line":5,"column":43}},"2":{"start":{"line":6,"column":12},"end":{"line":6,"column":34}},"3":{"start":{"line":7,"column":11},"end":{"line":7,"column":33}},"4":{"start":{"line":9,"column":25},"end":{"line":16,"column":1}},"5":{"start":{"line":11,"column":19},"end":{"line":11,"column":85}},"6":{"start":{"line":12,"column":20},"end":{"line":12,"column":40}},"7":{"start":{"line":13,"column":4},"end":{"line":13,"column":59}},"8":{"start":{"line":15,"column":4},"end":{"line":15,"column":37}},"9":{"start":{"line":9,"column":13},"end":{"line":9,"column":25}}},"fnMap":{"0":{"name":"(anonymous_1)","decl":{"start":{"line":9,"column":25},"end":{"line":9,"column":26}},"loc":{"start":{"line":9,"column":43},"end":{"line":16,"column":1}}}},"branchMap":{},"s":{"0":3,"1":3,"2":3,"3":3,"4":3,"5":1,"6":1,"7":1,"8":1,"9":3},"f":{"0":1},"b":{}}
,"C:\\Users\\PABLO\\Desktop\\Kupay\\Backend\\middlewares\\validate-fields.ts": {"path":"C:\\Users\\PABLO\\Desktop\\Kupay\\Backend\\middlewares\\validate-fields.ts","statementMap":{"0":{"start":{"line":2,"column":0},"end":{"line":2,"column":53}},"1":{"start":{"line":5,"column":23},"end":{"line":18,"column":1}},"2":{"start":{"line":7,"column":20},"end":{"line":7,"column":41}},"3":{"start":{"line":9,"column":4},"end":{"line":14,"column":null}},"4":{"start":{"line":10,"column":8},"end":{"line":13,"column":null}},"5":{"start":{"line":16,"column":4},"end":{"line":16,"column":11}},"6":{"start":{"line":20,"column":0},"end":{"line":20,"column":30}}},"fnMap":{"0":{"name":"(anonymous_0)","decl":{"start":{"line":5,"column":23},"end":{"line":5,"column":24}},"loc":{"start":{"line":5,"column":75},"end":{"line":18,"column":1}}}},"branchMap":{"0":{"loc":{"start":{"line":9,"column":4},"end":{"line":14,"column":null}},"type":"if","locations":[{"start":{"line":9,"column":4},"end":{"line":14,"column":null}}]}},"s":{"0":3,"1":3,"2":1,"3":1,"4":0,"5":1,"6":3},"f":{"0":1},"b":{"0":[0]}}
,"C:\\Users\\PABLO\\Desktop\\Kupay\\Backend\\models\\customer.ts": {"path":"C:\\Users\\PABLO\\Desktop\\Kupay\\Backend\\models\\customer.ts","statementMap":{"0":{"start":{"line":3,"column":0},"end":{"line":3,"column":38}},"1":{"start":{"line":4,"column":0},"end":{"line":4,"column":26}},"2":{"start":{"line":6,"column":17},"end":{"line":31,"column":2}},"3":{"start":{"line":34,"column":0},"end":{"line":34,"column":24}}},"fnMap":{},"branchMap":{},"s":{"0":3,"1":3,"2":3,"3":3},"f":{},"b":{}}
,"C:\\Users\\PABLO\\Desktop\\Kupay\\Backend\\models\\product.ts": {"path":"C:\\Users\\PABLO\\Desktop\\Kupay\\Backend\\models\\product.ts","statementMap":{"0":{"start":{"line":3,"column":0},"end":{"line":3,"column":38}},"1":{"start":{"line":4,"column":0},"end":{"line":4,"column":26}},"2":{"start":{"line":6,"column":16},"end":{"line":19,"column":2}},"3":{"start":{"line":22,"column":0},"end":{"line":22,"column":23}}},"fnMap":{},"branchMap":{},"s":{"0":3,"1":3,"2":3,"3":3},"f":{},"b":{}}
,"C:\\Users\\PABLO\\Desktop\\Kupay\\Backend\\models\\purchase.ts": {"path":"C:\\Users\\PABLO\\Desktop\\Kupay\\Backend\\models\\purchase.ts","statementMap":{"0":{"start":{"line":3,"column":0},"end":{"line":3,"column":38}},"1":{"start":{"line":4,"column":0},"end":{"line":4,"column":26}},"2":{"start":{"line":5,"column":0},"end":{"line":5,"column":42}},"3":{"start":{"line":6,"column":0},"end":{"line":6,"column":40}},"4":{"start":{"line":8,"column":17},"end":{"line":23,"column":2}},"5":{"start":{"line":25,"column":0},"end":{"line":25,"column":29}},"6":{"start":{"line":26,"column":0},"end":{"line":26,"column":28}},"7":{"start":{"line":29,"column":0},"end":{"line":29,"column":24}}},"fnMap":{},"branchMap":{},"s":{"0":3,"1":3,"2":3,"3":3,"4":3,"5":3,"6":3,"7":3},"f":{},"b":{}}
,"C:\\Users\\PABLO\\Desktop\\Kupay\\Backend\\routes\\customers.ts": {"path":"C:\\Users\\PABLO\\Desktop\\Kupay\\Backend\\routes\\customers.ts","statementMap":{"0":{"start":{"line":1,"column":0},"end":{"line":1,"column":33}},"1":{"start":{"line":2,"column":0},"end":{"line":2,"column":83}},"2":{"start":{"line":3,"column":0},"end":{"line":3,"column":60}},"3":{"start":{"line":4,"column":0},"end":{"line":4,"column":40}},"4":{"start":{"line":6,"column":15},"end":{"line":6,"column":23}},"5":{"start":{"line":8,"column":0},"end":{"line":8,"column":34}},"6":{"start":{"line":10,"column":0},"end":{"line":10,"column":36}},"7":{"start":{"line":12,"column":0},"end":{"line":17,"column":17}},"8":{"start":{"line":20,"column":0},"end":{"line":20,"column":22}}},"fnMap":{},"branchMap":{},"s":{"0":3,"1":3,"2":3,"3":3,"4":3,"5":3,"6":3,"7":3,"8":3},"f":{},"b":{}}
,"C:\\Users\\PABLO\\Desktop\\Kupay\\Backend\\routes\\products.ts": {"path":"C:\\Users\\PABLO\\Desktop\\Kupay\\Backend\\routes\\products.ts","statementMap":{"0":{"start":{"line":1,"column":0},"end":{"line":1,"column":33}},"1":{"start":{"line":2,"column":0},"end":{"line":2,"column":54}},"2":{"start":{"line":4,"column":15},"end":{"line":4,"column":23}},"3":{"start":{"line":6,"column":0},"end":{"line":6,"column":33}},"4":{"start":{"line":9,"column":0},"end":{"line":9,"column":22}}},"fnMap":{},"branchMap":{},"s":{"0":3,"1":3,"2":3,"3":3,"4":3},"f":{},"b":{}}
,"C:\\Users\\PABLO\\Desktop\\Kupay\\Backend\\routes\\purchases.ts": {"path":"C:\\Users\\PABLO\\Desktop\\Kupay\\Backend\\routes\\purchases.ts","statementMap":{"0":{"start":{"line":1,"column":0},"end":{"line":1,"column":33}},"1":{"start":{"line":2,"column":0},"end":{"line":2,"column":96}},"2":{"start":{"line":5,"column":15},"end":{"line":5,"column":23}},"3":{"start":{"line":7,"column":0},"end":{"line":7,"column":34}},"4":{"start":{"line":9,"column":0},"end":{"line":9,"column":49}},"5":{"start":{"line":11,"column":0},"end":{"line":13,"column":17}},"6":{"start":{"line":16,"column":0},"end":{"line":16,"column":22}}},"fnMap":{},"branchMap":{},"s":{"0":3,"1":3,"2":3,"3":3,"4":3,"5":3,"6":3},"f":{},"b":{}}
,"C:\\Users\\PABLO\\Desktop\\Kupay\\Backend\\server\\server.ts": {"path":"C:\\Users\\PABLO\\Desktop\\Kupay\\Backend\\server\\server.ts","statementMap":{"0":{"start":{"line":1,"column":0},"end":{"line":1,"column":45}},"1":{"start":{"line":2,"column":0},"end":{"line":2,"column":24}},"2":{"start":{"line":4,"column":0},"end":{"line":4,"column":26}},"3":{"start":{"line":6,"column":0},"end":{"line":6,"column":49}},"4":{"start":{"line":7,"column":0},"end":{"line":7,"column":47}},"5":{"start":{"line":8,"column":0},"end":{"line":8,"column":49}},"6":{"start":{"line":15,"column":12},"end":{"line":19,"column":null}},"7":{"start":{"line":24,"column":8},"end":{"line":24,"column":29}},"8":{"start":{"line":25,"column":8},"end":{"line":25,"column":47}},"9":{"start":{"line":30,"column":8},"end":{"line":30,"column":36}},"10":{"start":{"line":33,"column":8},"end":{"line":33,"column":27}},"11":{"start":{"line":36,"column":8},"end":{"line":36,"column":22}},"12":{"start":{"line":43,"column":8},"end":{"line":55,"column":null}},"13":{"start":{"line":44,"column":12},"end":{"line":44,"column":62}},"14":{"start":{"line":45,"column":12},"end":{"line":45,"column":36}},"15":{"start":{"line":46,"column":12},"end":{"line":46,"column":51}},"16":{"start":{"line":53,"column":12},"end":{"line":53,"column":31}},"17":{"start":{"line":54,"column":12},"end":{"line":54,"column":70}},"18":{"start":{"line":62,"column":8},"end":{"line":62,"column":29}},"19":{"start":{"line":64,"column":8},"end":{"line":64,"column":37}},"20":{"start":{"line":66,"column":9},"end":{"line":66,"column":48}},"21":{"start":{"line":72,"column":8},"end":{"line":72,"column":62}},"22":{"start":{"line":73,"column":8},"end":{"line":73,"column":60}},"23":{"start":{"line":74,"column":8},"end":{"line":74,"column":61}},"24":{"start":{"line":79,"column":8},"end":{"line":83,"column":null}},"25":{"start":{"line":80,"column":12},"end":{"line":82,"column":15}},"26":{"start":{"line":81,"column":16},"end":{"line":81,"column":73}},"27":{"start":{"line":88,"column":0},"end":{"line":88,"column":22}}},"fnMap":{"0":{"name":"(anonymous_8)","decl":{"start":{"line":21,"column":4},"end":{"line":21,"column":null}},"loc":{"start":{"line":21,"column":4},"end":{"line":38,"column":5}}},"1":{"name":"(anonymous_9)","decl":{"start":{"line":41,"column":10},"end":{"line":41,"column":30}},"loc":{"start":{"line":41,"column":30},"end":{"line":57,"column":null}}},"2":{"name":"(anonymous_11)","decl":{"start":{"line":60,"column":4},"end":{"line":60,"column":15}},"loc":{"start":{"line":60,"column":15},"end":{"line":68,"column":5}}},"3":{"name":"(anonymous_12)","decl":{"start":{"line":70,"column":4},"end":{"line":70,"column":10}},"loc":{"start":{"line":70,"column":10},"end":{"line":75,"column":5}}},"4":{"name":"(anonymous_13)","decl":{"start":{"line":78,"column":4},"end":{"line":78,"column":10}},"loc":{"start":{"line":78,"column":10},"end":{"line":84,"column":5}}},"5":{"name":"(anonymous_14)","decl":{"start":{"line":80,"column":39},"end":{"line":80,"column":42}},"loc":{"start":{"line":80,"column":44},"end":{"line":82,"column":13}}}},"branchMap":{"0":{"loc":{"start":{"line":25,"column":20},"end":{"line":25,"column":46}},"type":"binary-expr","locations":[{"start":{"line":25,"column":20},"end":{"line":25,"column":36}},{"start":{"line":25,"column":40},"end":{"line":25,"column":46}}]},"1":{"loc":{"start":{"line":79,"column":8},"end":{"line":83,"column":null}},"type":"if","locations":[{"start":{"line":79,"column":8},"end":{"line":83,"column":null}}]}},"s":{"0":3,"1":3,"2":3,"3":3,"4":3,"5":3,"6":3,"7":3,"8":3,"9":3,"10":3,"11":3,"12":3,"13":3,"14":3,"15":3,"16":0,"17":0,"18":3,"19":3,"20":3,"21":3,"22":3,"23":3,"24":3,"25":0,"26":0,"27":3},"f":{"0":3,"1":3,"2":3,"3":3,"4":3,"5":0},"b":{"0":[3,0],"1":[0]}}
}
