TN:
SF:app.ts
FNF:0
FNH:0
DA:2,3
DA:3,3
DA:6,3
DA:9,3
DA:12,3
DA:14,3
LF:6
LH:6
BRF:0
BRH:0
end_of_record
TN:
SF:controllers\customers.ts
FN:7,(anonymous_8)
FN:7,(anonymous_9)
FN:33,(anonymous_10)
FN:33,(anonymous_11)
FN:70,(anonymous_12)
FN:70,(anonymous_13)
FN:114,(anonymous_14)
FN:114,(anonymous_15)
FNF:8
FNH:6
FNDA:1,(anonymous_8)
FNDA:1,(anonymous_9)
FNDA:3,(anonymous_10)
FNDA:3,(anonymous_11)
FNDA:1,(anonymous_12)
FNDA:1,(anonymous_13)
FNDA:0,(anonymous_14)
FNDA:0,(anonymous_15)
DA:2,3
DA:3,3
DA:4,3
DA:7,3
DA:9,1
DA:11,1
DA:13,1
DA:20,0
DA:21,0
DA:33,3
DA:36,3
DA:38,3
DA:41,3
DA:44,3
DA:45,2
DA:52,1
DA:58,0
DA:59,0
DA:70,3
DA:72,1
DA:74,1
DA:77,1
DA:80,1
DA:81,1
DA:82,1
DA:83,1
DA:86,1
DA:87,1
DA:88,1
DA:91,1
DA:94,1
DA:102,0
DA:103,0
DA:114,3
DA:116,0
DA:117,0
DA:119,0
DA:120,0
DA:122,0
DA:124,0
DA:126,0
DA:129,0
LF:42
LH:28
BRDA:44,0,0,2
BRDA:119,1,0,0
BRDA:119,1,1,0
BRDA:119,2,0,0
BRDA:119,2,1,0
BRDA:122,3,0,0
BRDA:122,3,1,0
BRDA:122,4,0,0
BRDA:122,4,1,0
BRDA:124,5,0,0
BRDA:124,5,1,0
BRDA:124,6,0,0
BRDA:124,6,1,0
BRF:13
BRH:1
end_of_record
TN:
SF:controllers\products.ts
FN:5,(anonymous_8)
FN:5,(anonymous_9)
FNF:2
FNH:2
FNDA:1,(anonymous_8)
FNDA:1,(anonymous_9)
DA:2,3
DA:5,3
DA:7,1
DA:8,1
DA:10,1
DA:16,0
DA:17,0
LF:7
LH:5
BRF:0
BRH:0
end_of_record
TN:
SF:controllers\purchases.ts
FN:8,(anonymous_8)
FN:8,(anonymous_9)
FN:32,(anonymous_10)
FN:32,(anonymous_11)
FN:71,(anonymous_12)
FN:71,(anonymous_13)
FNF:6
FNH:6
FNDA:1,(anonymous_8)
FNDA:1,(anonymous_9)
FNDA:1,(anonymous_10)
FNDA:1,(anonymous_11)
FNDA:2,(anonymous_12)
FNDA:2,(anonymous_13)
DA:3,3
DA:4,3
DA:5,3
DA:8,3
DA:10,1
DA:11,1
DA:13,1
DA:19,0
DA:20,0
DA:32,3
DA:34,1
DA:37,1
DA:40,1
DA:52,1
DA:59,0
DA:60,0
DA:71,3
DA:75,2
DA:77,2
DA:79,2
DA:81,2
DA:82,2
DA:89,0
DA:90,0
DA:91,0
DA:94,0
DA:97,0
DA:106,0
DA:108,0
DA:117,0
DA:118,0
LF:31
LH:18
BRDA:81,0,0,2
BRDA:89,1,0,0
BRDA:89,1,1,0
BRDA:89,2,0,0
BRDA:89,2,1,0
BRDA:113,3,0,0
BRDA:113,3,1,0
BRDA:113,4,0,0
BRDA:113,4,1,0
BRF:9
BRH:1
end_of_record
TN:
SF:db\db.ts
FNF:0
FNH:0
DA:2,3
DA:6,3
DA:17,3
LF:3
LH:3
BRF:0
BRH:0
end_of_record
TN:
SF:helpers\crypto.ts
FN:9,(anonymous_1)
FNF:1
FNH:1
FNDA:1,(anonymous_1)
DA:1,3
DA:5,3
DA:6,3
DA:7,3
DA:9,3
DA:11,1
DA:12,1
DA:13,1
DA:15,1
LF:9
LH:9
BRF:0
BRH:0
end_of_record
TN:
SF:middlewares\validate-fields.ts
FN:5,(anonymous_0)
FNF:1
FNH:1
FNDA:1,(anonymous_0)
DA:2,3
DA:5,3
DA:7,1
DA:9,1
DA:10,0
DA:16,1
DA:20,3
LF:7
LH:6
BRDA:9,0,0,0
BRF:1
BRH:0
end_of_record
TN:
SF:models\customer.ts
FNF:0
FNH:0
DA:3,3
DA:4,3
DA:6,3
DA:34,3
LF:4
LH:4
BRF:0
BRH:0
end_of_record
TN:
SF:models\product.ts
FNF:0
FNH:0
DA:3,3
DA:4,3
DA:6,3
DA:22,3
LF:4
LH:4
BRF:0
BRH:0
end_of_record
TN:
SF:models\purchase.ts
FNF:0
FNH:0
DA:3,3
DA:4,3
DA:5,3
DA:6,3
DA:8,3
DA:25,3
DA:26,3
DA:29,3
LF:8
LH:8
BRF:0
BRH:0
end_of_record
TN:
SF:routes\customers.ts
FNF:0
FNH:0
DA:1,3
DA:2,3
DA:3,3
DA:4,3
DA:6,3
DA:8,3
DA:10,3
DA:12,3
DA:20,3
LF:9
LH:9
BRF:0
BRH:0
end_of_record
TN:
SF:routes\products.ts
FNF:0
FNH:0
DA:1,3
DA:2,3
DA:4,3
DA:6,3
DA:9,3
LF:5
LH:5
BRF:0
BRH:0
end_of_record
TN:
SF:routes\purchases.ts
FNF:0
FNH:0
DA:1,3
DA:2,3
DA:5,3
DA:7,3
DA:9,3
DA:11,3
DA:16,3
LF:7
LH:7
BRF:0
BRH:0
end_of_record
TN:
SF:server\server.ts
FN:21,(anonymous_8)
FN:41,(anonymous_9)
FN:60,(anonymous_11)
FN:70,(anonymous_12)
FN:78,(anonymous_13)
FN:80,(anonymous_14)
FNF:6
FNH:5
FNDA:3,(anonymous_8)
FNDA:3,(anonymous_9)
FNDA:3,(anonymous_11)
FNDA:3,(anonymous_12)
FNDA:3,(anonymous_13)
FNDA:0,(anonymous_14)
DA:1,3
DA:2,3
DA:4,3
DA:6,3
DA:7,3
DA:8,3
DA:15,3
DA:24,3
DA:25,3
DA:30,3
DA:33,3
DA:36,3
DA:43,3
DA:44,3
DA:45,3
DA:46,3
DA:53,0
DA:54,0
DA:62,3
DA:64,3
DA:66,3
DA:72,3
DA:73,3
DA:74,3
DA:79,3
DA:80,0
DA:81,0
DA:88,3
LF:28
LH:24
BRDA:25,0,0,3
BRDA:25,0,1,0
BRDA:79,1,0,0
BRF:3
BRH:1
end_of_record
